SF:/home/daamazing1/Documents/Projects/simple-calculator/backend/SimpleCalculator/Program.cs
FN:7,System.Void Program::<Main>$(System.String[])
FNDA:1,System.Void Program::<Main>$(System.String[])
DA:8,1
DA:11,1
DA:12,1
DA:13,1
DA:14,1
DA:15,1
DA:19,1
DA:20,1
DA:21,2
DA:22,1
DA:23,2
DA:24,2
DA:25,2
DA:26,2
DA:28,1
DA:31,1
DA:32,1
DA:33,1
DA:34,1
DA:35,1
DA:37,1
DA:38,1
DA:42,1
DA:43,1
DA:44,1
DA:45,1
DA:46,1
DA:47,1
DA:48,1
DA:49,1
DA:50,1
DA:51,1
DA:52,1
DA:53,1
DA:54,1
DA:55,1
DA:56,1
DA:57,1
DA:58,1
DA:59,1
DA:60,1
DA:61,1
DA:62,1
DA:63,1
DA:64,1
DA:65,0
DA:66,0
DA:67,0
DA:68,0
DA:69,0
DA:70,0
DA:71,1
DA:72,2
DA:74,1
DA:76,1
BRDA:31,164,0,1
BRDA:31,164,1,1
LF:55
LH:49
BRF:2
BRH:2
FNF:1
FNH:1
end_of_record
SF:/home/daamazing1/Documents/Projects/simple-calculator/backend/SimpleCalculator/SimpleEquation.cs
FN:4,System.String Equation::get_value()
FNDA:5,System.String Equation::get_value()
DA:5,5
LF:1
LH:1
BRF:0
BRH:0
FNF:1
FNH:1
end_of_record
SF:/home/daamazing1/Documents/Projects/simple-calculator/backend/SimpleCalculator/Tokenizer/TokenMatch.cs
FN:9,TokenType TokenMatch::get_TokenType()
FNDA:1225,TokenType TokenMatch::get_TokenType()
DA:10,1225
LF:1
LH:1
BRF:0
BRH:0
FNF:1
FNH:1
end_of_record
SF:/home/daamazing1/Documents/Projects/simple-calculator/backend/SimpleCalculator/ValueBuilder/ValueBuilder.cs
FN:8,System.Object SimpleCalculator.ValueBuilder.ValueBuilder::VisitNumber(SimpleCalculator.Tokenizer.Token)
FNDA:12,System.Object SimpleCalculator.ValueBuilder.ValueBuilder::VisitNumber(SimpleCalculator.Tokenizer.Token)
DA:9,12
DA:10,12
DA:11,12
FN:13,System.Object SimpleCalculator.ValueBuilder.ValueBuilder::VisitBinary(SimpleCalculator.Tokenizer.Token,SimpleCalculator.Parser.INode,SimpleCalculator.Parser.INode)
FNDA:5,System.Object SimpleCalculator.ValueBuilder.ValueBuilder::VisitBinary(SimpleCalculator.Tokenizer.Token,SimpleCalculator.Parser.INode,SimpleCalculator.Parser.INode)
DA:14,5
DA:15,5
DA:18,2
DA:20,1
DA:22,1
DA:24,1
DA:26,0
DA:28,5
BRDA:15,13,1,2
BRDA:15,13,2,1
BRDA:15,13,3,1
BRDA:15,13,4,1
BRDA:15,13,0,0
LF:11
LH:10
BRF:5
BRH:4
FNF:2
FNH:2
end_of_record
SF:/home/daamazing1/Documents/Projects/simple-calculator/backend/SimpleCalculator/Tokenizer/InvalidTokenException.cs
FN:4,System.Void SimpleCalculator.Tokenizer.InvalidTokenException::.ctor(System.String)
FNDA:0,System.Void SimpleCalculator.Tokenizer.InvalidTokenException::.ctor(System.String)
DA:5,0
LF:1
LH:0
BRF:0
BRH:0
FNF:1
FNH:0
end_of_record
SF:/home/daamazing1/Documents/Projects/simple-calculator/backend/SimpleCalculator/Tokenizer/Token.cs
FN:2,TokenType SimpleCalculator.Tokenizer.Token::get_TokenType()
FNDA:286,TokenType SimpleCalculator.Tokenizer.Token::get_TokenType()
DA:3,286
LF:1
LH:1
BRF:0
BRH:0
FNF:1
FNH:1
end_of_record
SF:/home/daamazing1/Documents/Projects/simple-calculator/backend/SimpleCalculator/Tokenizer/TokenDefinition.cs
FN:19,System.Void SimpleCalculator.Tokenizer.TokenDefinition::.ctor(TokenType,System.String,System.Int32)
FNDA:77,System.Void SimpleCalculator.Tokenizer.TokenDefinition::.ctor(TokenType,System.String,System.Int32)
DA:20,77
DA:21,77
DA:22,77
DA:23,77
DA:24,77
DA:25,77
FN:32,System.Boolean SimpleCalculator.Tokenizer.TokenDefinition/<FindMatches>d__4::MoveNext()
FNDA:77,System.Boolean SimpleCalculator.Tokenizer.TokenDefinition/<FindMatches>d__4::MoveNext()
DA:33,77
DA:34,77
DA:35,428
DA:36,137
DA:37,137
DA:38,137
DA:39,77
BRDA:35,252,1,137
BRDA:35,252,0,77
LF:13
LH:13
BRF:2
BRH:2
FNF:2
FNH:2
end_of_record
SF:/home/daamazing1/Documents/Projects/simple-calculator/backend/SimpleCalculator/Tokenizer/Tokenizer.cs
FN:64,System.Collections.Generic.List`1<TokenMatch> SimpleCalculator.Tokenizer.Tokenizer::FindTokenMatches(System.String)
FNDA:11,System.Collections.Generic.List`1<TokenMatch> SimpleCalculator.Tokenizer.Tokenizer::FindTokenMatches(System.String)
DA:65,11
DA:66,11
DA:67,187
DA:68,77
DA:70,11
DA:71,11
BRDA:67,56,1,77
BRDA:67,56,0,11
FN:7,System.Void SimpleCalculator.Tokenizer.Tokenizer::.ctor(Microsoft.Extensions.Logging.ILogger)
FNDA:11,System.Void SimpleCalculator.Tokenizer.Tokenizer::.ctor(Microsoft.Extensions.Logging.ILogger)
DA:8,11
DA:14,11
DA:15,11
DA:16,11
DA:17,11
DA:19,11
DA:20,11
DA:21,11
DA:22,11
DA:23,11
DA:24,11
DA:25,11
DA:26,11
DA:27,11
FN:35,System.Int32 SimpleCalculator.Tokenizer.Tokenizer/<>c::<Tokenize>b__3_0(TokenMatch)
FNDA:148,System.Int32 SimpleCalculator.Tokenizer.Tokenizer/<>c::<Tokenize>b__3_0(TokenMatch)
DA:36,148
FN:34,System.Boolean SimpleCalculator.Tokenizer.Tokenizer/<Tokenize>d__3::MoveNext()
FNDA:11,System.Boolean SimpleCalculator.Tokenizer.Tokenizer/<Tokenize>d__3::MoveNext()
DA:35,11
DA:37,11
DA:39,11
DA:40,296
DA:41,137
DA:42,137
DA:45,137
DA:46,5
DA:48,132
DA:49,2
DA:51,132
DA:53,132
DA:54,132
DA:56,11
DA:57,11
BRDA:40,505,1,137
BRDA:45,275,1,132
BRDA:48,308,0,2
BRDA:48,308,1,132
BRDA:45,275,0,137
BRDA:40,505,0,11
LF:36
LH:36
BRF:8
BRH:8
FNF:4
FNH:4
end_of_record
SF:/home/daamazing1/Documents/Projects/simple-calculator/backend/SimpleCalculator/Parser/BinaryOperationNode.cs
FN:3,SimpleCalculator.Tokenizer.Token SimpleCalculator.Parser.BinaryOperationNode::get_Token()
FNDA:31,SimpleCalculator.Tokenizer.Token SimpleCalculator.Parser.BinaryOperationNode::get_Token()
DA:4,31
FN:6,System.Object SimpleCalculator.Parser.BinaryOperationNode::Accept(SimpleCalculator.Parser.INodeVisitor)
FNDA:1,System.Object SimpleCalculator.Parser.BinaryOperationNode::Accept(SimpleCalculator.Parser.INodeVisitor)
DA:7,1
DA:8,1
DA:9,1
LF:4
LH:4
BRF:0
BRH:0
FNF:2
FNH:2
end_of_record
SF:/home/daamazing1/Documents/Projects/simple-calculator/backend/SimpleCalculator/Parser/NumberNode.cs
FN:4,SimpleCalculator.Tokenizer.Token SimpleCalculator.Parser.NumberNode::get_Token()
FNDA:43,SimpleCalculator.Tokenizer.Token SimpleCalculator.Parser.NumberNode::get_Token()
DA:5,43
FN:7,System.Object SimpleCalculator.Parser.NumberNode::Accept(SimpleCalculator.Parser.INodeVisitor)
FNDA:10,System.Object SimpleCalculator.Parser.NumberNode::Accept(SimpleCalculator.Parser.INodeVisitor)
DA:8,10
DA:9,10
DA:10,10
LF:4
LH:4
BRF:0
BRH:0
FNF:2
FNH:2
end_of_record
SF:/home/daamazing1/Documents/Projects/simple-calculator/backend/SimpleCalculator/Parser/Parser.cs
FN:37,SimpleCalculator.Parser.INode SimpleCalculator.Parser.Parser::Parse()
FNDA:2,SimpleCalculator.Parser.INode SimpleCalculator.Parser.Parser::Parse()
DA:38,2
DA:39,20
DA:40,18
DA:41,18
DA:42,18
DA:45,9
DA:46,9
DA:52,7
DA:53,5
DA:54,5
DA:55,1
DA:56,1
DA:57,1
DA:59,4
DA:60,4
DA:61,4
DA:62,4
DA:63,4
DA:64,4
DA:65,4
DA:66,5
DA:68,2
DA:70,2
DA:71,2
DA:72,7
DA:75,5
DA:76,3
DA:77,3
DA:78,3
DA:79,3
DA:80,3
DA:81,3
DA:82,2
DA:85,0
DA:87,18
DA:88,2
DA:89,2
BRDA:39,547,1,18
BRDA:42,135,2,9
BRDA:42,135,3,7
BRDA:42,135,4,7
BRDA:42,135,5,7
BRDA:42,135,6,7
BRDA:52,231,0,5
BRDA:54,265,0,1
BRDA:54,265,1,4
BRDA:52,231,1,2
BRDA:75,495,1,3
BRDA:42,135,1,5
BRDA:42,135,9,0
BRDA:42,135,0,18
BRDA:42,135,7,18
BRDA:42,135,8,18
BRDA:75,495,0,18
BRDA:39,547,0,2
FN:14,System.Void SimpleCalculator.Parser.Parser::.ctor(SimpleCalculator.Tokenizer.ITokenizer,Microsoft.Extensions.Logging.ILogger,System.String)
FNDA:2,System.Void SimpleCalculator.Parser.Parser::.ctor(SimpleCalculator.Tokenizer.ITokenizer,Microsoft.Extensions.Logging.ILogger,System.String)
DA:15,2
DA:16,2
DA:24,2
DA:25,2
DA:26,2
DA:27,2
DA:28,2
DA:29,2
DA:30,2
LF:46
LH:45
BRF:18
BRH:17
FNF:2
FNH:2
end_of_record